<?xml version="1.0" encoding="utf-8"?><testsuites><testsuite name="pytest" errors="0" failures="0" skipped="0" tests="2" time="13.746" timestamp="2022-03-11T02:30:23.206014" hostname="riham-Latitude-E5500"><testcase classname="tests.test_models.TestModel" name="test_models" time="6.336" /><testcase classname="tests.test_models.TestRoutes" name="test_route" time="5.940" /></testsuite></testsuites>